<?xml version="1.0" encoding="UTF-8" ?>
<testsuite tests="9" failures="0" name="runner.TestRunner" time="0.466" errors="9" skipped="0">
  <properties>
[...]
</properties>
  <testcase classname="Ecosia tests" name="user search for apples in Home page" time="0.306">
    <error message="The step &quot;user goes to home page&quot; is undefined. You can implement it using the snippet(s) below:

@Given(&quot;user goes to home page&quot;)
public void user_goes_to_home_page() {
    // Write code here that turns the phrase above into concrete actions
    throw new io.cucumber.java.PendingException();
}


Some other steps were also undefined:

@Given(&quot;user selects the search bar&quot;)
public void user_selects_the_search_bar() {
    // Write code here that turns the phrase above into concrete actions
    throw new io.cucumber.java.PendingException();
}
@Then(&quot;user types {string} in the search bar&quot;)
public void user_types_in_the_search_bar(String string) {
    // Write code here that turns the phrase above into concrete actions
    throw new io.cucumber.java.PendingException();
}
" type="io.cucumber.junit.UndefinedStepException">io.cucumber.junit.UndefinedStepException: The step &quot;user goes to home page&quot; is undefined. You can implement it using the snippet(s) below:

@Given(&quot;user goes to home page&quot;)
public void user_goes_to_home_page() {
    // Write code here that turns the phrase above into concrete actions
    throw new io.cucumber.java.PendingException();
}


Some other steps were also undefined:

@Given(&quot;user selects the search bar&quot;)
public void user_selects_the_search_bar() {
    // Write code here that turns the phrase above into concrete actions
    throw new io.cucumber.java.PendingException();
}
@Then(&quot;user types {string} in the search bar&quot;)
public void user_types_in_the_search_bar(String string) {
    // Write code here that turns the phrase above into concrete actions
    throw new io.cucumber.java.PendingException();
}

</error>
    <system-out>
Scenario: user search for apples in Home page # src/test/features/ecosia.feature:6
  Given user goes to home page                # null
  Given user selects the search bar           # null
  Then user types &quot;Apples&quot; in the search bar  # null
</system-out>
  </testcase>
  <testcase classname="Ecosia tests" name="user is looking at cat pictures" time="0.026">
    <error message="The step &quot;user goes to home page&quot; is undefined. You can implement it using the snippet(s) below:

@Given(&quot;user goes to home page&quot;)
public void user_goes_to_home_page() {
    // Write code here that turns the phrase above into concrete actions
    throw new io.cucumber.java.PendingException();
}


Some other steps were also undefined:

@Given(&quot;user selects the search bar&quot;)
public void user_selects_the_search_bar() {
    // Write code here that turns the phrase above into concrete actions
    throw new io.cucumber.java.PendingException();
}
@Then(&quot;user types {string} in the search bar&quot;)
public void user_types_in_the_search_bar(String string) {
    // Write code here that turns the phrase above into concrete actions
    throw new io.cucumber.java.PendingException();
}
@Then(&quot;select the {string} tab&quot;)
public void select_the_tab(String string) {
    // Write code here that turns the phrase above into concrete actions
    throw new io.cucumber.java.PendingException();
}
" type="io.cucumber.junit.UndefinedStepException">io.cucumber.junit.UndefinedStepException: The step &quot;user goes to home page&quot; is undefined. You can implement it using the snippet(s) below:

@Given(&quot;user goes to home page&quot;)
public void user_goes_to_home_page() {
    // Write code here that turns the phrase above into concrete actions
    throw new io.cucumber.java.PendingException();
}


Some other steps were also undefined:

@Given(&quot;user selects the search bar&quot;)
public void user_selects_the_search_bar() {
    // Write code here that turns the phrase above into concrete actions
    throw new io.cucumber.java.PendingException();
}
@Then(&quot;user types {string} in the search bar&quot;)
public void user_types_in_the_search_bar(String string) {
    // Write code here that turns the phrase above into concrete actions
    throw new io.cucumber.java.PendingException();
}
@Then(&quot;select the {string} tab&quot;)
public void select_the_tab(String string) {
    // Write code here that turns the phrase above into concrete actions
    throw new io.cucumber.java.PendingException();
}

</error>
    <system-out>
Scenario: user is looking at cat pictures  # src/test/features/ecosia.feature:10
  Given user goes to home page             # null
  Given user selects the search bar        # null
  Then user types &quot;Cats&quot; in the search bar # null
  And select the &quot;Images&quot; tab              # null
</system-out>
  </testcase>
  <testcase classname="Ecosia tests" name="user is looking for news about potatoes" time="0.01">
    <error message="The step &quot;user goes to home page&quot; is undefined. You can implement it using the snippet(s) below:

@Given(&quot;user goes to home page&quot;)
public void user_goes_to_home_page() {
    // Write code here that turns the phrase above into concrete actions
    throw new io.cucumber.java.PendingException();
}


Some other steps were also undefined:

@Given(&quot;user selects the search bar&quot;)
public void user_selects_the_search_bar() {
    // Write code here that turns the phrase above into concrete actions
    throw new io.cucumber.java.PendingException();
}
@Then(&quot;user types {string} in the search bar&quot;)
public void user_types_in_the_search_bar(String string) {
    // Write code here that turns the phrase above into concrete actions
    throw new io.cucumber.java.PendingException();
}
@Then(&quot;select the {string} tab&quot;)
public void select_the_tab(String string) {
    // Write code here that turns the phrase above into concrete actions
    throw new io.cucumber.java.PendingException();
}
" type="io.cucumber.junit.UndefinedStepException">io.cucumber.junit.UndefinedStepException: The step &quot;user goes to home page&quot; is undefined. You can implement it using the snippet(s) below:

@Given(&quot;user goes to home page&quot;)
public void user_goes_to_home_page() {
    // Write code here that turns the phrase above into concrete actions
    throw new io.cucumber.java.PendingException();
}


Some other steps were also undefined:

@Given(&quot;user selects the search bar&quot;)
public void user_selects_the_search_bar() {
    // Write code here that turns the phrase above into concrete actions
    throw new io.cucumber.java.PendingException();
}
@Then(&quot;user types {string} in the search bar&quot;)
public void user_types_in_the_search_bar(String string) {
    // Write code here that turns the phrase above into concrete actions
    throw new io.cucumber.java.PendingException();
}
@Then(&quot;select the {string} tab&quot;)
public void select_the_tab(String string) {
    // Write code here that turns the phrase above into concrete actions
    throw new io.cucumber.java.PendingException();
}

</error>
    <system-out>
Scenario: user is looking for news about potatoes # src/test/features/ecosia.feature:15
  Given user goes to home page                    # null
  Given user selects the search bar               # null
  Then user types &quot;Potatoes&quot; in the search bar    # null
  And select the &quot;News&quot; tab                       # null
</system-out>
  </testcase>
  <testcase classname="Ecosia tests" name="user is looking for videos about water" time="0.022">
    <error message="The step &quot;user goes to home page&quot; is undefined. You can implement it using the snippet(s) below:

@Given(&quot;user goes to home page&quot;)
public void user_goes_to_home_page() {
    // Write code here that turns the phrase above into concrete actions
    throw new io.cucumber.java.PendingException();
}


Some other steps were also undefined:

@Given(&quot;user selects the search bar&quot;)
public void user_selects_the_search_bar() {
    // Write code here that turns the phrase above into concrete actions
    throw new io.cucumber.java.PendingException();
}
@Then(&quot;user types {string} in the search bar&quot;)
public void user_types_in_the_search_bar(String string) {
    // Write code here that turns the phrase above into concrete actions
    throw new io.cucumber.java.PendingException();
}
@Then(&quot;select the {string} tab&quot;)
public void select_the_tab(String string) {
    // Write code here that turns the phrase above into concrete actions
    throw new io.cucumber.java.PendingException();
}
" type="io.cucumber.junit.UndefinedStepException">io.cucumber.junit.UndefinedStepException: The step &quot;user goes to home page&quot; is undefined. You can implement it using the snippet(s) below:

@Given(&quot;user goes to home page&quot;)
public void user_goes_to_home_page() {
    // Write code here that turns the phrase above into concrete actions
    throw new io.cucumber.java.PendingException();
}


Some other steps were also undefined:

@Given(&quot;user selects the search bar&quot;)
public void user_selects_the_search_bar() {
    // Write code here that turns the phrase above into concrete actions
    throw new io.cucumber.java.PendingException();
}
@Then(&quot;user types {string} in the search bar&quot;)
public void user_types_in_the_search_bar(String string) {
    // Write code here that turns the phrase above into concrete actions
    throw new io.cucumber.java.PendingException();
}
@Then(&quot;select the {string} tab&quot;)
public void select_the_tab(String string) {
    // Write code here that turns the phrase above into concrete actions
    throw new io.cucumber.java.PendingException();
}

</error>
    <system-out>
Scenario: user is looking for videos about water # src/test/features/ecosia.feature:20
  Given user goes to home page                   # null
  Given user selects the search bar              # null
  Then user types &quot;Water&quot; in the search bar      # null
  And select the &quot;Videos&quot; tab                    # null
</system-out>
  </testcase>
  <testcase classname="Pathe tests" name="user reads the available columns #1" time="0.034">
    <error message="The step &quot;user navigates to the home page&quot; is undefined. You can implement it using the snippet(s) below:

@Given(&quot;user navigates to the home page&quot;)
public void user_navigates_to_the_home_page() {
    // Write code here that turns the phrase above into concrete actions
    throw new io.cucumber.java.PendingException();
}


Some other steps were also undefined:

@Given(&quot;user is reading column {string}&quot;)
public void user_is_reading_column(String string) {
    // Write code here that turns the phrase above into concrete actions
    throw new io.cucumber.java.PendingException();
}
" type="io.cucumber.junit.UndefinedStepException">io.cucumber.junit.UndefinedStepException: The step &quot;user navigates to the home page&quot; is undefined. You can implement it using the snippet(s) below:

@Given(&quot;user navigates to the home page&quot;)
public void user_navigates_to_the_home_page() {
    // Write code here that turns the phrase above into concrete actions
    throw new io.cucumber.java.PendingException();
}


Some other steps were also undefined:

@Given(&quot;user is reading column {string}&quot;)
public void user_is_reading_column(String string) {
    // Write code here that turns the phrase above into concrete actions
    throw new io.cucumber.java.PendingException();
}

</error>
    <system-out>
Scenario Outline: user reads the available columns # src/test/features/pathe.feature:10
  Given user navigates to the home page            # null
  Given user is reading column &quot;Films&quot;             # null
</system-out>
  </testcase>
  <testcase classname="Pathe tests" name="user reads the available columns #2" time="0.016">
    <error message="The step &quot;user navigates to the home page&quot; is undefined. You can implement it using the snippet(s) below:

@Given(&quot;user navigates to the home page&quot;)
public void user_navigates_to_the_home_page() {
    // Write code here that turns the phrase above into concrete actions
    throw new io.cucumber.java.PendingException();
}


Some other steps were also undefined:

@Given(&quot;user is reading column {string}&quot;)
public void user_is_reading_column(String string) {
    // Write code here that turns the phrase above into concrete actions
    throw new io.cucumber.java.PendingException();
}
" type="io.cucumber.junit.UndefinedStepException">io.cucumber.junit.UndefinedStepException: The step &quot;user navigates to the home page&quot; is undefined. You can implement it using the snippet(s) below:

@Given(&quot;user navigates to the home page&quot;)
public void user_navigates_to_the_home_page() {
    // Write code here that turns the phrase above into concrete actions
    throw new io.cucumber.java.PendingException();
}


Some other steps were also undefined:

@Given(&quot;user is reading column {string}&quot;)
public void user_is_reading_column(String string) {
    // Write code here that turns the phrase above into concrete actions
    throw new io.cucumber.java.PendingException();
}

</error>
    <system-out>
Scenario Outline: user reads the available columns # src/test/features/pathe.feature:11
  Given user navigates to the home page            # null
  Given user is reading column &quot;Bioscopen&quot;         # null
</system-out>
  </testcase>
  <testcase classname="Pathe tests" name="user reads the available columns #3" time="0.02">
    <error message="The step &quot;user navigates to the home page&quot; is undefined. You can implement it using the snippet(s) below:

@Given(&quot;user navigates to the home page&quot;)
public void user_navigates_to_the_home_page() {
    // Write code here that turns the phrase above into concrete actions
    throw new io.cucumber.java.PendingException();
}


Some other steps were also undefined:

@Given(&quot;user is reading column {string}&quot;)
public void user_is_reading_column(String string) {
    // Write code here that turns the phrase above into concrete actions
    throw new io.cucumber.java.PendingException();
}
" type="io.cucumber.junit.UndefinedStepException">io.cucumber.junit.UndefinedStepException: The step &quot;user navigates to the home page&quot; is undefined. You can implement it using the snippet(s) below:

@Given(&quot;user navigates to the home page&quot;)
public void user_navigates_to_the_home_page() {
    // Write code here that turns the phrase above into concrete actions
    throw new io.cucumber.java.PendingException();
}


Some other steps were also undefined:

@Given(&quot;user is reading column {string}&quot;)
public void user_is_reading_column(String string) {
    // Write code here that turns the phrase above into concrete actions
    throw new io.cucumber.java.PendingException();
}

</error>
    <system-out>
Scenario Outline: user reads the available columns # src/test/features/pathe.feature:12
  Given user navigates to the home page            # null
  Given user is reading column &quot;Events&quot;            # null
</system-out>
  </testcase>
  <testcase classname="Pathe tests" name="user reads the available columns #4" time="0.017">
    <error message="The step &quot;user navigates to the home page&quot; is undefined. You can implement it using the snippet(s) below:

@Given(&quot;user navigates to the home page&quot;)
public void user_navigates_to_the_home_page() {
    // Write code here that turns the phrase above into concrete actions
    throw new io.cucumber.java.PendingException();
}


Some other steps were also undefined:

@Given(&quot;user is reading column {string}&quot;)
public void user_is_reading_column(String string) {
    // Write code here that turns the phrase above into concrete actions
    throw new io.cucumber.java.PendingException();
}
" type="io.cucumber.junit.UndefinedStepException">io.cucumber.junit.UndefinedStepException: The step &quot;user navigates to the home page&quot; is undefined. You can implement it using the snippet(s) below:

@Given(&quot;user navigates to the home page&quot;)
public void user_navigates_to_the_home_page() {
    // Write code here that turns the phrase above into concrete actions
    throw new io.cucumber.java.PendingException();
}


Some other steps were also undefined:

@Given(&quot;user is reading column {string}&quot;)
public void user_is_reading_column(String string) {
    // Write code here that turns the phrase above into concrete actions
    throw new io.cucumber.java.PendingException();
}

</error>
    <system-out>
Scenario Outline: user reads the available columns # src/test/features/pathe.feature:13
  Given user navigates to the home page            # null
  Given user is reading column &quot;Pathé All Stars&quot;   # null
</system-out>
  </testcase>
  <testcase classname="Pathe tests" name="user reads the available columns #5" time="0.015">
    <error message="The step &quot;user navigates to the home page&quot; is undefined. You can implement it using the snippet(s) below:

@Given(&quot;user navigates to the home page&quot;)
public void user_navigates_to_the_home_page() {
    // Write code here that turns the phrase above into concrete actions
    throw new io.cucumber.java.PendingException();
}


Some other steps were also undefined:

@Given(&quot;user is reading column {string}&quot;)
public void user_is_reading_column(String string) {
    // Write code here that turns the phrase above into concrete actions
    throw new io.cucumber.java.PendingException();
}
" type="io.cucumber.junit.UndefinedStepException">io.cucumber.junit.UndefinedStepException: The step &quot;user navigates to the home page&quot; is undefined. You can implement it using the snippet(s) below:

@Given(&quot;user navigates to the home page&quot;)
public void user_navigates_to_the_home_page() {
    // Write code here that turns the phrase above into concrete actions
    throw new io.cucumber.java.PendingException();
}


Some other steps were also undefined:

@Given(&quot;user is reading column {string}&quot;)
public void user_is_reading_column(String string) {
    // Write code here that turns the phrase above into concrete actions
    throw new io.cucumber.java.PendingException();
}

</error>
    <system-out>
Scenario Outline: user reads the available columns # src/test/features/pathe.feature:14
  Given user navigates to the home page            # null
  Given user is reading column &quot;Pathé Unlimited&quot;   # null
</system-out>
  </testcase>
</testsuite>